app/build/outputs/logs/manifest-merger-release-report.txt
-- Merging decision tree log ---
manifest
ADDED from src\main\AndroidManifest.xml:2:1-97:12
INJECTED from src\main\AndroidManifest.xml:2:1-97:12
INJECTED from src\main\AndroidManifest.xml:2:1-97:12
INJECTED from src\main\AndroidManifest.xml:2:1-97:12
MERGED from [androidx.databinding:databinding-adapters:3.3.2] AndroidManifest.xml:17:1-24:12
MERGED from [androidx.databinding:databinding-runtime:3.3.2] AndroidManifest.xml:17:1-24:12
MERGED from [com.google.android.material:material:1.1.0-alpha05] AndroidManifest.xml:17:1-24:12
MERGED from [me.zhanghai.android.materialprogressbar:library:1.6.1] AndroidManifest.xml:6:1-15:12
MERGED from [com.airbnb.android:lottie:3.0.0-beta4] AndroidManifest.xml:2:1-11:12
MERGED from [androidx.appcompat:appcompat:1.1.0-alpha04] AndroidManifest.xml:17:1-22:12
MERGED from [androidx.constraintlayout:constraintlayout:1.1.3] AndroidManifest.xml:2:1-11:12
MERGED from [com.minimize.library:chronometerpersist:1.1.0] AndroidManifest.xml:2:1-11:12
MERGED from [com.github.mayuce:LottieAlertDialog:1.1] AndroidManifest.xml:2:1-11:12
MERGED from [com.github.thomper:sweet-alert-dialog:1.4.0] AndroidManifest.xml:2:1-13:12
MERGED from [androidx.legacy:legacy-support-v4:1.0.0] AndroidManifest.xml:17:1-22:12
MERGED from [com.deploygate:sdk:4.1.0] AndroidManifest.xml:2:1-18:12
MERGED from [androidx.fragment:fragment:1.1.0-alpha06] AndroidManifest.xml:17:1-22:12
MERGED from [androidx.appcompat:appcompat-resources:1.1.0-alpha04] AndroidManifest.xml:17:1-22:12
MERGED from [androidx.legacy:legacy-support-core-ui:1.0.0] AndroidManifest.xml:17:1-22:12
MERGED from [androidx.drawerlayout:drawerlayout:1.0.0] AndroidManifest.xml:17:1-22:12
MERGED from [androidx.coordinatorlayout:coordinatorlayout:1.1.0-alpha01] AndroidManifest.xml:17:1-22:12
MERGED from [androidx.legacy:legacy-support-core-utils:1.0.0] AndroidManifest.xml:17:1-22:12
MERGED from [androidx.recyclerview:recyclerview:1.1.0-alpha01] AndroidManifest.xml:17:1-22:12
MERGED from [androidx.transition:transition:1.0.1] AndroidManifest.xml:17:1-22:12
MERGED from [androidx.vectordrawable:vectordrawable-animated:1.1.0-alpha01] AndroidManifest.xml:17:1-22:12
MERGED from [androidx.vectordrawable:vectordrawable:1.1.0-alpha01] AndroidManifest.xml:17:1-22:12
MERGED from [androidx.media:media:1.0.0] AndroidManifest.xml:17:1-22:12
MERGED from [androidx.viewpager:viewpager:1.0.0] AndroidManifest.xml:17:1-22:12
MERGED from [androidx.loader:loader:1.0.0] AndroidManifest.xml:17:1-22:12
MERGED from [androidx.activity:activity:1.0.0-alpha06] AndroidManifest.xml:17:1-22:12
MERGED from [androidx.slidingpanelayout:slidingpanelayout:1.0.0] AndroidManifest.xml:17:1-22:12
MERGED from [androidx.customview:customview:1.0.0] AndroidManifest.xml:17:1-22:12
MERGED from [androidx.swiperefreshlayout:swiperefreshlayout:1.0.0] AndroidManifest.xml:17:1-22:12
MERGED from [androidx.asynclayoutinflater:asynclayoutinflater:1.0.0] AndroidManifest.xml:17:1-22:12
MERGED from [androidx.core:core:1.1.0-alpha05] AndroidManifest.xml:17:1-24:12
MERGED from [androidx.lifecycle:lifecycle-runtime:2.1.0-alpha04] AndroidManifest.xml:17:1-22:12
MERGED from [androidx.versionedparcelable:versionedparcelable:1.1.0-alpha02] AndroidManifest.xml:17:1-25:12
MERGED from [androidx.cursoradapter:cursoradapter:1.0.0] AndroidManifest.xml:17:1-22:12
MERGED from [androidx.cardview:cardview:1.0.0] AndroidManifest.xml:17:1-22:12
MERGED from [androidx.interpolator:interpolator:1.0.0] AndroidManifest.xml:17:1-22:12
MERGED from [androidx.documentfile:documentfile:1.0.0] AndroidManifest.xml:17:1-22:12
MERGED from [androidx.localbroadcastmanager:localbroadcastmanager:1.0.0] AndroidManifest.xml:17:1-22:12
MERGED from [androidx.print:print:1.0.0] AndroidManifest.xml:17:1-22:12
MERGED from [androidx.lifecycle:lifecycle-livedata:2.0.0] AndroidManifest.xml:17:1-22:12
MERGED from [androidx.savedstate:savedstate:1.0.0-alpha02] AndroidManifest.xml:17:1-22:12
MERGED from [androidx.lifecycle:lifecycle-livedata-core:2.0.0] AndroidManifest.xml:17:1-22:12
MERGED from [androidx.arch.core:core-runtime:2.0.0] AndroidManifest.xml:17:1-22:12
MERGED from [androidx.lifecycle:lifecycle-viewmodel:2.1.0-alpha04] AndroidManifest.xml:17:1-22:12
MERGED from [com.pnikosis:materialish-progress:1.7] AndroidManifest.xml:2:1-13:12
INJECTED from src\main\AndroidManifest.xml:2:1-97:12
INJECTED from src\main\AndroidManifest.xml:2:1-97:12
INJECTED from src\main\AndroidManifest.xml:2:1-97:12
	package
		ADDED from src\main\AndroidManifest.xml:4:11-39
		INJECTED from src\main\AndroidManifest.xml
		INJECTED from src\main\AndroidManifest.xml
	android:versionName
		INJECTED from src\main\AndroidManifest.xml
		ADDED from src\main\AndroidManifest.xml:2:1-97:12
		INJECTED from src\main\AndroidManifest.xml
	xmlns:tools
		ADDED from src\main\AndroidManifest.xml:3:11-57
	android:versionCode
		INJECTED from src\main\AndroidManifest.xml
		ADDED from src\main\AndroidManifest.xml:2:1-97:12
		INJECTED from src\main\AndroidManifest.xml
	xmlns:android
		ADDED from src\main\AndroidManifest.xml:2:11-69
uses-permission#android.permission.VIBRATE
ADDED from src\main\AndroidManifest.xml:6:5-65
	android:name
		ADDED from src\main\AndroidManifest.xml:6:22-63
application
ADDED from src\main\AndroidManifest.xml:8:5-95:19
MERGED from [com.google.android.material:material:1.1.0-alpha05] AndroidManifest.xml:22:5-20
MERGED from [com.google.android.material:material:1.1.0-alpha05] AndroidManifest.xml:22:5-20
MERGED from [com.airbnb.android:lottie:3.0.0-beta4] AndroidManifest.xml:9:5-20
MERGED from [com.airbnb.android:lottie:3.0.0-beta4] AndroidManifest.xml:9:5-20
MERGED from [androidx.constraintlayout:constraintlayout:1.1.3] AndroidManifest.xml:9:5-20
MERGED from [androidx.constraintlayout:constraintlayout:1.1.3] AndroidManifest.xml:9:5-20
MERGED from [com.github.thomper:sweet-alert-dialog:1.4.0] AndroidManifest.xml:11:5-20
MERGED from [com.github.thomper:sweet-alert-dialog:1.4.0] AndroidManifest.xml:11:5-20
MERGED from [com.deploygate:sdk:4.1.0] AndroidManifest.xml:11:5-16:19
MERGED from [com.deploygate:sdk:4.1.0] AndroidManifest.xml:11:5-16:19
MERGED from [androidx.core:core:1.1.0-alpha05] AndroidManifest.xml:22:5-89
MERGED from [androidx.core:core:1.1.0-alpha05] AndroidManifest.xml:22:5-89
MERGED from [androidx.versionedparcelable:versionedparcelable:1.1.0-alpha02] AndroidManifest.xml:22:5-23:19
MERGED from [androidx.versionedparcelable:versionedparcelable:1.1.0-alpha02] AndroidManifest.xml:22:5-23:19
MERGED from [com.pnikosis:materialish-progress:1.7] AndroidManifest.xml:11:5-20
MERGED from [com.pnikosis:materialish-progress:1.7] AndroidManifest.xml:11:5-20
	android:appComponentFactory
		ADDED from [androidx.core:core:1.1.0-alpha05] AndroidManifest.xml:22:18-86
	android:label
		ADDED from src\main\AndroidManifest.xml:12:13-45
	android:fullBackupContent
		ADDED from src\main\AndroidManifest.xml:10:13-45
	android:roundIcon
		ADDED from src\main\AndroidManifest.xml:13:13-58
	android:icon
		ADDED from src\main\AndroidManifest.xml:11:13-47
	android:allowBackup
		ADDED from src\main\AndroidManifest.xml:9:13-39
	android:theme
		ADDED from src\main\AndroidManifest.xml:14:13-44
	tools:replace
		ADDED from src\main\AndroidManifest.xml:15:13-41
receiver#id.amoled.timerapp.receiver.Timer20Receiver
ADDED from src\main\AndroidManifest.xml:16:9-20:20
	android:enabled
		ADDED from src\main\AndroidManifest.xml:18:17-39
	android:exported
		ADDED from src\main\AndroidManifest.xml:19:17-41
	android:name
		ADDED from src\main\AndroidManifest.xml:17:17-57
activity#id.amoled.timerapp.Notif2HrsActivity
ADDED from src\main\AndroidManifest.xml:22:9-26:20
	android:parentActivityName
		ADDED from src\main\AndroidManifest.xml:25:17-60
	android:label
		ADDED from src\main\AndroidManifest.xml:24:17-47
	android:name
		ADDED from src\main\AndroidManifest.xml:23:17-50
activity#id.amoled.timerapp.Notif20Activity
ADDED from src\main\AndroidManifest.xml:27:9-31:20
	android:parentActivityName
		ADDED from src\main\AndroidManifest.xml:30:17-60
	android:label
		ADDED from src\main\AndroidManifest.xml:29:17-50
	android:name
		ADDED from src\main\AndroidManifest.xml:28:17-48
activity#id.amoled.timerapp.PosturActivity
ADDED from src\main\AndroidManifest.xml:32:9-36:20
	android:parentActivityName
		ADDED from src\main\AndroidManifest.xml:35:17-59
	android:label
		ADDED from src\main\AndroidManifest.xml:34:17-45
	android:name
		ADDED from src\main\AndroidManifest.xml:33:17-47
activity#id.amoled.timerapp.PetunjukActivity
ADDED from src\main\AndroidManifest.xml:37:9-41:20
	android:parentActivityName
		ADDED from src\main\AndroidManifest.xml:40:17-59
	android:label
		ADDED from src\main\AndroidManifest.xml:39:17-50
	android:name
		ADDED from src\main\AndroidManifest.xml:38:17-49
activity#id.amoled.timerapp.ergonomic.ErgonomicActivity
ADDED from src\main\AndroidManifest.xml:42:9-46:20
	android:parentActivityName
		ADDED from src\main\AndroidManifest.xml:45:17-59
	android:label
		ADDED from src\main\AndroidManifest.xml:44:17-57
	android:name
		ADDED from src\main\AndroidManifest.xml:43:17-60
activity#id.amoled.timerapp.PenyakitKerjaActivity
ADDED from src\main\AndroidManifest.xml:47:9-51:20
	android:parentActivityName
		ADDED from src\main\AndroidManifest.xml:50:17-59
	android:label
		ADDED from src\main\AndroidManifest.xml:49:17-43
	android:name
		ADDED from src\main\AndroidManifest.xml:48:17-54
activity#id.amoled.timerapp.AboutActivity
ADDED from src\main\AndroidManifest.xml:52:9-56:20
	android:parentActivityName
		ADDED from src\main\AndroidManifest.xml:55:17-59
	android:label
		ADDED from src\main\AndroidManifest.xml:54:17-43
	android:name
		ADDED from src\main\AndroidManifest.xml:53:17-46
activity#id.amoled.timerapp.BreakActivity
ADDED from src\main\AndroidManifest.xml:57:9-58:20
	android:name
		ADDED from src\main\AndroidManifest.xml:57:19-48
activity#id.amoled.timerapp.onboarding.PagerActivity
ADDED from src\main\AndroidManifest.xml:59:9-63:20
	android:label
		ADDED from src\main\AndroidManifest.xml:61:17-61
	android:theme
		ADDED from src\main\AndroidManifest.xml:62:17-60
	android:name
		ADDED from src\main\AndroidManifest.xml:60:17-57
receiver#id.amoled.timerapp.receiver.TimerExpiredReceiver
ADDED from src\main\AndroidManifest.xml:65:9-69:20
	android:enabled
		ADDED from src\main\AndroidManifest.xml:67:17-39
	android:exported
		ADDED from src\main\AndroidManifest.xml:68:17-41
	android:name
		ADDED from src\main\AndroidManifest.xml:66:17-62
receiver#id.amoled.timerapp.TimerNotificationActionReceiver
ADDED from src\main\AndroidManifest.xml:70:9-80:20
	android:enabled
		ADDED from src\main\AndroidManifest.xml:72:17-39
	android:exported
		ADDED from src\main\AndroidManifest.xml:73:17-41
	android:name
		ADDED from src\main\AndroidManifest.xml:71:17-64
intent-filter#action:name:pause+action:name:resume+action:name:start+action:name:stop
ADDED from src\main\AndroidManifest.xml:74:13-79:29
action#stop
ADDED from src\main\AndroidManifest.xml:75:17-46
	android:name
		ADDED from src\main\AndroidManifest.xml:75:25-44
action#pause
ADDED from src\main\AndroidManifest.xml:76:17-47
	android:name
		ADDED from src\main\AndroidManifest.xml:76:25-45
action#resume
ADDED from src\main\AndroidManifest.xml:77:17-48
	android:name
		ADDED from src\main\AndroidManifest.xml:77:25-46
action#start
ADDED from src\main\AndroidManifest.xml:78:17-47
	android:name
		ADDED from src\main\AndroidManifest.xml:78:25-45
activity#id.amoled.timerapp.KeduaActivity
ADDED from src\main\AndroidManifest.xml:82:9-86:20
	android:parentActivityName
		ADDED from src\main\AndroidManifest.xml:85:17-59
	android:label
		ADDED from src\main\AndroidManifest.xml:84:17-44
	android:name
		ADDED from src\main\AndroidManifest.xml:83:17-46
activity#id.amoled.timerapp.MainActivity
ADDED from src\main\AndroidManifest.xml:87:9-94:20
	android:name
		ADDED from src\main\AndroidManifest.xml:87:19-47
intent-filter#action:name:android.intent.action.MAIN+action:name:android.intent.action.VIEW+category:name:android.intent.category.LAUNCHER
ADDED from src\main\AndroidManifest.xml:88:13-93:29
action#android.intent.action.MAIN
ADDED from src\main\AndroidManifest.xml:89:17-68
	android:name
		ADDED from src\main\AndroidManifest.xml:89:25-66
action#android.intent.action.VIEW
ADDED from src\main\AndroidManifest.xml:90:17-68
	android:name
		ADDED from src\main\AndroidManifest.xml:90:25-66
category#android.intent.category.LAUNCHER
ADDED from src\main\AndroidManifest.xml:92:17-76
	android:name
		ADDED from src\main\AndroidManifest.xml:92:27-74
uses-sdk
INJECTED from src\main\AndroidManifest.xml reason: use-sdk injection requested
INJECTED from src\main\AndroidManifest.xml
INJECTED from src\main\AndroidManifest.xml
MERGED from [androidx.databinding:databinding-adapters:3.3.2] AndroidManifest.xml:22:5-44
MERGED from [androidx.databinding:databinding-adapters:3.3.2] AndroidManifest.xml:22:5-44
MERGED from [androidx.databinding:databinding-runtime:3.3.2] AndroidManifest.xml:22:5-44
MERGED from [androidx.databinding:databinding-runtime:3.3.2] AndroidManifest.xml:22:5-44
MERGED from [com.google.android.material:material:1.1.0-alpha05] AndroidManifest.xml:20:5-44
MERGED from [com.google.android.material:material:1.1.0-alpha05] AndroidManifest.xml:20:5-44
MERGED from [me.zhanghai.android.materialprogressbar:library:1.6.1] AndroidManifest.xml:11:5-13:41
MERGED from [me.zhanghai.android.materialprogressbar:library:1.6.1] AndroidManifest.xml:11:5-13:41
MERGED from [com.airbnb.android:lottie:3.0.0-beta4] AndroidManifest.xml:5:5-7:41
MERGED from [com.airbnb.android:lottie:3.0.0-beta4] AndroidManifest.xml:5:5-7:41
MERGED from [androidx.appcompat:appcompat:1.1.0-alpha04] AndroidManifest.xml:20:5-44
MERGED from [androidx.appcompat:appcompat:1.1.0-alpha04] AndroidManifest.xml:20:5-44
MERGED from [androidx.constraintlayout:constraintlayout:1.1.3] AndroidManifest.xml:5:5-7:41
MERGED from [androidx.constraintlayout:constraintlayout:1.1.3] AndroidManifest.xml:5:5-7:41
MERGED from [com.minimize.library:chronometerpersist:1.1.0] AndroidManifest.xml:7:5-9:41
MERGED from [com.minimize.library:chronometerpersist:1.1.0] AndroidManifest.xml:7:5-9:41
MERGED from [com.github.mayuce:LottieAlertDialog:1.1] AndroidManifest.xml:7:5-9:41
MERGED from [com.github.mayuce:LottieAlertDialog:1.1] AndroidManifest.xml:7:5-9:41
MERGED from [com.github.thomper:sweet-alert-dialog:1.4.0] AndroidManifest.xml:7:5-9:41
MERGED from [com.github.thomper:sweet-alert-dialog:1.4.0] AndroidManifest.xml:7:5-9:41
MERGED from [androidx.legacy:legacy-support-v4:1.0.0] AndroidManifest.xml:20:5-44
MERGED from [androidx.legacy:legacy-support-v4:1.0.0] AndroidManifest.xml:20:5-44
MERGED from [com.deploygate:sdk:4.1.0] AndroidManifest.xml:7:5-9:41
MERGED from [com.deploygate:sdk:4.1.0] AndroidManifest.xml:7:5-9:41
MERGED from [androidx.fragment:fragment:1.1.0-alpha06] AndroidManifest.xml:20:5-44
MERGED from [androidx.fragment:fragment:1.1.0-alpha06] AndroidManifest.xml:20:5-44
MERGED from [androidx.appcompat:appcompat-resources:1.1.0-alpha04] AndroidManifest.xml:20:5-44
MERGED from [androidx.appcompat:appcompat-resources:1.1.0-alpha04] AndroidManifest.xml:20:5-44
MERGED from [androidx.legacy:legacy-support-core-ui:1.0.0] AndroidManifest.xml:20:5-44
MERGED from [androidx.legacy:legacy-support-core-ui:1.0.0] AndroidManifest.xml:20:5-44
MERGED from [androidx.drawerlayout:drawerlayout:1.0.0] AndroidManifest.xml:20:5-44
MERGED from [androidx.drawerlayout:drawerlayout:1.0.0] AndroidManifest.xml:20:5-44
MERGED from [androidx.coordinatorlayout:coordinatorlayout:1.1.0-alpha01] AndroidManifest.xml:20:5-44
MERGED from [androidx.coordinatorlayout:coordinatorlayout:1.1.0-alpha01] AndroidManifest.xml:20:5-44
MERGED from [androidx.legacy:legacy-support-core-utils:1.0.0] AndroidManifest.xml:20:5-44
MERGED from [androidx.legacy:legacy-support-core-utils:1.0.0] AndroidManifest.xml:20:5-44
MERGED from [androidx.recyclerview:recyclerview:1.1.0-alpha01] AndroidManifest.xml:20:5-44
MERGED from [androidx.recyclerview:recyclerview:1.1.0-alpha01] AndroidManifest.xml:20:5-44
MERGED from [androidx.transition:transition:1.0.1] AndroidManifest.xml:20:5-44
MERGED from [androidx.transition:transition:1.0.1] AndroidManifest.xml:20:5-44
MERGED from [androidx.vectordrawable:vectordrawable-animated:1.1.0-alpha01] AndroidManifest.xml:20:5-44
MERGED from [androidx.vectordrawable:vectordrawable-animated:1.1.0-alpha01] AndroidManifest.xml:20:5-44
MERGED from [androidx.vectordrawable:vectordrawable:1.1.0-alpha01] AndroidManifest.xml:20:5-44
MERGED from [androidx.vectordrawable:vectordrawable:1.1.0-alpha01] AndroidManifest.xml:20:5-44
MERGED from [androidx.media:media:1.0.0] AndroidManifest.xml:20:5-44
MERGED from [androidx.media:media:1.0.0] AndroidManifest.xml:20:5-44
MERGED from [androidx.viewpager:viewpager:1.0.0] AndroidManifest.xml:20:5-44
MERGED from [androidx.viewpager:viewpager:1.0.0] AndroidManifest.xml:20:5-44
MERGED from [androidx.loader:loader:1.0.0] AndroidManifest.xml:20:5-44
MERGED from [androidx.loader:loader:1.0.0] AndroidManifest.xml:20:5-44
MERGED from [androidx.activity:activity:1.0.0-alpha06] AndroidManifest.xml:20:5-44
MERGED from [androidx.activity:activity:1.0.0-alpha06] AndroidManifest.xml:20:5-44
MERGED from [androidx.slidingpanelayout:slidingpanelayout:1.0.0] AndroidManifest.xml:20:5-44
MERGED from [androidx.slidingpanelayout:slidingpanelayout:1.0.0] AndroidManifest.xml:20:5-44
MERGED from [androidx.customview:customview:1.0.0] AndroidManifest.xml:20:5-44
MERGED from [androidx.customview:customview:1.0.0] AndroidManifest.xml:20:5-44
MERGED from [androidx.swiperefreshlayout:swiperefreshlayout:1.0.0] AndroidManifest.xml:20:5-44
MERGED from [androidx.swiperefreshlayout:swiperefreshlayout:1.0.0] AndroidManifest.xml:20:5-44
MERGED from [androidx.asynclayoutinflater:asynclayoutinflater:1.0.0] AndroidManifest.xml:20:5-44
MERGED from [androidx.asynclayoutinflater:asynclayoutinflater:1.0.0] AndroidManifest.xml:20:5-44
MERGED from [androidx.core:core:1.1.0-alpha05] AndroidManifest.xml:20:5-44
MERGED from [androidx.core:core:1.1.0-alpha05] AndroidManifest.xml:20:5-44
MERGED from [androidx.lifecycle:lifecycle-runtime:2.1.0-alpha04] AndroidManifest.xml:20:5-44
MERGED from [androidx.lifecycle:lifecycle-runtime:2.1.0-alpha04] AndroidManifest.xml:20:5-44
MERGED from [androidx.versionedparcelable:versionedparcelable:1.1.0-alpha02] AndroidManifest.xml:20:5-44
MERGED from [androidx.versionedparcelable:versionedparcelable:1.1.0-alpha02] AndroidManifest.xml:20:5-44
MERGED from [androidx.cursoradapter:cursoradapter:1.0.0] AndroidManifest.xml:20:5-44
MERGED from [androidx.cursoradapter:cursoradapter:1.0.0] AndroidManifest.xml:20:5-44
MERGED from [androidx.cardview:cardview:1.0.0] AndroidManifest.xml:20:5-44
MERGED from [androidx.cardview:cardview:1.0.0] AndroidManifest.xml:20:5-44
MERGED from [androidx.interpolator:interpolator:1.0.0] AndroidManifest.xml:20:5-44
MERGED from [androidx.interpolator:interpolator:1.0.0] AndroidManifest.xml:20:5-44
MERGED from [androidx.documentfile:documentfile:1.0.0] AndroidManifest.xml:20:5-44
MERGED from [androidx.documentfile:documentfile:1.0.0] AndroidManifest.xml:20:5-44
MERGED from [androidx.localbroadcastmanager:localbroadcastmanager:1.0.0] AndroidManifest.xml:20:5-44
MERGED from [androidx.localbroadcastmanager:localbroadcastmanager:1.0.0] AndroidManifest.xml:20:5-44
MERGED from [androidx.print:print:1.0.0] AndroidManifest.xml:20:5-44
MERGED from [androidx.print:print:1.0.0] AndroidManifest.xml:20:5-44
MERGED from [androidx.lifecycle:lifecycle-livedata:2.0.0] AndroidManifest.xml:20:5-44
MERGED from [androidx.lifecycle:lifecycle-livedata:2.0.0] AndroidManifest.xml:20:5-44
MERGED from [androidx.savedstate:savedstate:1.0.0-alpha02] AndroidManifest.xml:20:5-44
MERGED from [androidx.savedstate:savedstate:1.0.0-alpha02] AndroidManifest.xml:20:5-44
MERGED from [androidx.lifecycle:lifecycle-livedata-core:2.0.0] AndroidManifest.xml:20:5-44
MERGED from [androidx.lifecycle:lifecycle-livedata-core:2.0.0] AndroidManifest.xml:20:5-44
MERGED from [androidx.arch.core:core-runtime:2.0.0] AndroidManifest.xml:20:5-44
MERGED from [androidx.arch.core:core-runtime:2.0.0] AndroidManifest.xml:20:5-44
MERGED from [androidx.lifecycle:lifecycle-viewmodel:2.1.0-alpha04] AndroidManifest.xml:20:5-44
MERGED from [androidx.lifecycle:lifecycle-viewmodel:2.1.0-alpha04] AndroidManifest.xml:20:5-44
MERGED from [com.pnikosis:materialish-progress:1.7] AndroidManifest.xml:7:5-9:41
MERGED from [com.pnikosis:materialish-progress:1.7] AndroidManifest.xml:7:5-9:41
INJECTED from src\main\AndroidManifest.xml
INJECTED from src\main\AndroidManifest.xml
	android:targetSdkVersion
		INJECTED from src\main\AndroidManifest.xml
		ADDED from src\main\AndroidManifest.xml
		INJECTED from src\main\AndroidManifest.xml
	android:minSdkVersion
		INJECTED from src\main\AndroidManifest.xml
		ADDED from src\main\AndroidManifest.xml
		INJECTED from src\main\AndroidManifest.xml
provider#com.deploygate.sdk.DeployGateProvider
ADDED from [com.deploygate:sdk:4.1.0] AndroidManifest.xml:12:9-15:40
	android:authorities
		ADDED from [com.deploygate:sdk:4.1.0] AndroidManifest.xml:14:13-70
	android:exported
		ADDED from [com.deploygate:sdk:4.1.0] AndroidManifest.xml:15:13-37
	android:name
		ADDED from [com.deploygate:sdk:4.1.0] AndroidManifest.xml:13:13-65